Unity Editor version:    2020.3.24f1 (79c78de19888)
Branch:                  2020.3/staging
Build type:              Release
Batch mode:              YES
macOS version:           Version 12.0.1 (Build 21A559)
Darwin version:          21.1.0
Architecture:            x86_64
Running under Rosetta:   YES
Available memory:        8192 MB
Using pre-set license
Pro License: NO

COMMAND LINE ARGUMENTS:
/Applications/Unity/Hub/Editor/2020.3.24f1/Unity.app/Contents/MacOS/Unity
-adb2
-batchMode
-noUpm
-name
AssetImportWorker0
-projectPath
/Users/cassieford/Graphics_Showcase
-logFile
Logs/AssetImportWorker0.log
-srvPort
50596
Successfully changed project path to: /Users/cassieford/Graphics_Showcase
/Users/cassieford/Graphics_Showcase
Using Asset Import Pipeline V2.
Refreshing native plugins compatible for Editor in 53.82 ms, found 3 plugins.
Preloading 0 native plugins for Editor in 0.00 ms.
Initialize engine version: 2020.3.24f1 (79c78de19888)
[Subsystems] Discovering subsystems at path /Applications/Unity/Hub/Editor/2020.3.24f1/Unity.app/Contents/Resources/UnitySubsystems
[Subsystems] Discovering subsystems at path /Users/cassieford/Graphics_Showcase/Assets
GfxDevice: creating device client; threaded=0
2021-12-04 12:41:52.125 Unity[2938:60676] (null) preferred device: Apple M1 (high power)
2021-12-04 12:41:52.125 Unity[2938:60676] Metal devices available: 1
2021-12-04 12:41:52.125 Unity[2938:60676] 0: Apple M1 (high power)
2021-12-04 12:41:52.125 Unity[2938:60676] Using device Apple M1 (high power)
Initializing Metal device caps: Apple M1
Shader 'MapMagic/TerrainPreviewURP': fallback shader 'Hidden/Universal Render Pipeline/FallbackError' not found
Shader 'MapMagic/TerrainPreviewURP': dependency 'AddPassShader' shader 'Hidden/Universal Render Pipeline/Terrain/Lit (Add Pass)' not found
Shader 'MapMagic/TerrainPreviewURP': dependency 'BaseMapShader' shader 'Hidden/Universal Render Pipeline/Terrain/Lit (Base Pass)' not found
Shader 'MapMagic/TerrainPreviewURP': dependency 'BaseMapGenShader' shader 'Hidden/Universal Render Pipeline/Terrain/Lit (Basemap Gen)' not found
Initialize mono
Mono path[0] = '/Applications/Unity/Hub/Editor/2020.3.24f1/Unity.app/Contents/Managed'
Mono path[1] = '/Applications/Unity/Hub/Editor/2020.3.24f1/Unity.app/Contents/MonoBleedingEdge/lib/mono/unityjit'
Mono config path = '/Applications/Unity/Hub/Editor/2020.3.24f1/Unity.app/Contents/MonoBleedingEdge/etc'
Using monoOptions --debugger-agent=transport=dt_socket,embedding=1,server=y,suspend=n,address=127.0.0.1:56938
Begin MonoManager ReloadAssembly
Registering precompiled unity dll's ...
Register platform support module: /Applications/Unity/Hub/Editor/2020.3.24f1/Unity.app/Contents/PlaybackEngines/MacStandaloneSupport/UnityEditor.OSXStandalone.Extensions.dll
Registered in 0.001060 seconds.
Native extension for OSXStandalone target not found
Refreshing native plugins compatible for Editor in 45.72 ms, found 3 plugins.
Preloading 0 native plugins for Editor in 0.00 ms.
Mono: successfully reloaded assembly
- Completed reload, in  1.156 seconds
Domain Reload Profiling:
	ReloadAssembly (1156ms)
		BeginReloadAssembly (77ms)
			ExecutionOrderSort (0ms)
			DisableScriptedObjects (0ms)
			BackupInstance (0ms)
			ReleaseScriptingObjects (0ms)
			CreateAndSetChildDomain (3ms)
		EndReloadAssembly (966ms)
			LoadAssemblies (74ms)
			RebuildTransferFunctionScriptingTraits (0ms)
			SetupTypeCache (170ms)
			ReleaseScriptCaches (0ms)
			RebuildScriptCaches (38ms)
			SetupLoadedEditorAssemblies (480ms)
				LogAssemblyErrors (0ms)
				InitializePlatformSupportModulesInManaged (10ms)
				SetLoadedEditorAssemblies (1ms)
				RefreshPlugins (46ms)
				BeforeProcessingInitializeOnLoad (24ms)
				ProcessInitializeOnLoadAttributes (294ms)
				ProcessInitializeOnLoadMethodAttributes (104ms)
				AfterProcessingInitializeOnLoad (0ms)
				EditorAssembliesLoaded (0ms)
			ExecutionOrderSort2 (0ms)
			AwakeInstancesAfterBackupRestoration (0ms)
Platform modules already initialized, skipping
Registering precompiled user dll's ...
Registered in 0.003089 seconds.
Begin MonoManager ReloadAssembly
Native extension for OSXStandalone target not found
Refreshing native plugins compatible for Editor in 0.44 ms, found 3 plugins.
Preloading 0 native plugins for Editor in 0.00 ms.
Mono: successfully reloaded assembly
- Completed reload, in  2.033 seconds
Domain Reload Profiling:
	ReloadAssembly (2036ms)
		BeginReloadAssembly (238ms)
			ExecutionOrderSort (0ms)
			DisableScriptedObjects (30ms)
			BackupInstance (0ms)
			ReleaseScriptingObjects (0ms)
			CreateAndSetChildDomain (30ms)
		EndReloadAssembly (1709ms)
			LoadAssemblies (177ms)
			RebuildTransferFunctionScriptingTraits (0ms)
			SetupTypeCache (303ms)
			ReleaseScriptCaches (0ms)
			RebuildScriptCaches (48ms)
			SetupLoadedEditorAssemblies (949ms)
				LogAssemblyErrors (0ms)
				InitializePlatformSupportModulesInManaged (12ms)
				SetLoadedEditorAssemblies (1ms)
				RefreshPlugins (0ms)
				BeforeProcessingInitializeOnLoad (113ms)
				ProcessInitializeOnLoadAttributes (730ms)
				ProcessInitializeOnLoadMethodAttributes (91ms)
				AfterProcessingInitializeOnLoad (1ms)
				EditorAssembliesLoaded (0ms)
			ExecutionOrderSort2 (0ms)
			AwakeInstancesAfterBackupRestoration (28ms)
Platform modules already initialized, skipping
Validating Project structure ... 0.011038 seconds.
Shader import version has changed; will reimport all shaders...
Upgrading shader files ...0.062584 seconds.
Application.AssetDatabase Initial Script Refresh Start
RefreshInfo: InitialScriptRefreshV2(NoUpdateAssetOptions) scanfilter:  ... 1 filters
RefreshProfiler: Total: 0.000ms
Application.AssetDatabase Initial Script Refresh End
Application.AssetDatabase.Refresh Start
Application.AssetDatabase.Refresh End
Shader 'MapMagic/TerrainPreviewHDRP': dependency 'BaseMapShader' shader 'Hidden/HDRP/TerrainLit_Basemap' not found
Shader 'MapMagic/TerrainPreviewHDRP': dependency 'BaseMapGenShader' shader 'Hidden/HDRP/TerrainLit_BasemapGen' not found
RefreshInfo: StopAssetImportingV2(ForceSynchronousImport) scanfilter: 
RefreshProfiler: Total: 0.000ms
Shader 'MapMagic/TerrainPreviewHDRP': dependency 'BaseMapShader' shader 'Hidden/HDRP/TerrainLit_Basemap' not found
Shader 'MapMagic/TerrainPreviewHDRP': dependency 'BaseMapGenShader' shader 'Hidden/HDRP/TerrainLit_BasemapGen' not found
Shader 'MapMagic/TerrainPreviewURP': fallback shader 'Hidden/Universal Render Pipeline/FallbackError' not found
Shader 'MapMagic/TerrainPreviewURP': dependency 'AddPassShader' shader 'Hidden/Universal Render Pipeline/Terrain/Lit (Add Pass)' not found
Shader 'MapMagic/TerrainPreviewURP': dependency 'BaseMapShader' shader 'Hidden/Universal Render Pipeline/Terrain/Lit (Base Pass)' not found
Shader 'MapMagic/TerrainPreviewURP': dependency 'BaseMapGenShader' shader 'Hidden/Universal Render Pipeline/Terrain/Lit (Basemap Gen)' not found
Launching external process: /Applications/Unity/Hub/Editor/2020.3.24f1/Unity.app/Contents/Tools/UnityShaderCompiler
Launched and connected shader compiler UnityShaderCompiler after 0.18 seconds
Initializing Unity extensions:
2021-12-04 12:41:57.293 Unity[2938:60676] NSEventModifierFlagFunction specified to -setKeyEquivalentModifierMask: for item <NSMenuItem: 0x600003ea85b0 Font Asset, ke='Command-F12'>, but is only supported for system-provided menu items; will not be used
2021-12-04 12:41:57.296 Unity[2938:60676] NSEventModifierFlagFunction specified to -setKeyEquivalentModifierMask: for item <NSMenuItem: 0x600003eb9030 Font Asset, ke='Command-F12'>, but is only supported for system-provided menu items; will not be used
========================================================================
Worker process is ready to serve import requests
Shader 'MapMagic/TerrainPreviewHDRP': dependency 'BaseMapShader' shader 'Hidden/HDRP/TerrainLit_Basemap' not found
Shader 'MapMagic/TerrainPreviewHDRP': dependency 'BaseMapGenShader' shader 'Hidden/HDRP/TerrainLit_BasemapGen' not found
Shader 'MapMagic/TerrainPreviewURP': fallback shader 'Hidden/Universal Render Pipeline/FallbackError' not found
Shader 'MapMagic/TerrainPreviewURP': dependency 'AddPassShader' shader 'Hidden/Universal Render Pipeline/Terrain/Lit (Add Pass)' not found
Shader 'MapMagic/TerrainPreviewURP': dependency 'BaseMapShader' shader 'Hidden/Universal Render Pipeline/Terrain/Lit (Base Pass)' not found
Shader 'MapMagic/TerrainPreviewURP': dependency 'BaseMapGenShader' shader 'Hidden/Universal Render Pipeline/Terrain/Lit (Basemap Gen)' not found
Refreshing native plugins compatible for Editor in 0.42 ms, found 3 plugins.
Preloading 0 native plugins for Editor in 0.00 ms.
Unloading 1720 Unused Serialized files (Serialized files now loaded: 0)
System memory in use before: 351.3 MB.
System memory in use after: 350.9 MB.

Unloading 93 unused Assets to reduce memory usage. Loaded Objects now: 2220.
Total: 2.374000 ms (FindLiveObjects: 0.132334 ms CreateObjectMapping: 0.034584 ms MarkObjects: 1.915958 ms  DeleteObjects: 0.289833 ms)

AssetImportParameters requested are different than current active one (requested -> active):
  custom:video-decoder-ogg-theora: a1e56fd34408186e4bbccfd4996cb3dc -> 
  custom:container-muxer-webm: aa71ff27fc2769a1b78a27578f13a17b -> 
  custom:container-demuxer-webm: 4f35f7cbe854078d1ac9338744f61a02 -> 
  custom:container-demuxer-ogg: 62fdf1f143b41e24485cea50d1cbac27 -> 
  custom:video-encoder-webm-vp8: eb34c28f22e8b96e1ab97ce403110664 -> 
  custom:framework-osx-AVFoundation: e770b220cccbd017edd2c1fefb359320 -> 
  custom:video-decoder-webm-vp8: 9c59270c3fd7afecdb556c50c9e8de78 -> 
  custom:audio-decoder-ogg-vorbis: bf7c407c2cedff20999df2af8eb42d56 -> 
  custom:audio-encoder-webm-vorbis: bf7c407c2cedff20999df2af8eb42d56 -> 
========================================================================
Received Import Request.
  path: Assets
  artifactKey: Guid(00000000000000001000000000000000) Importer(815301076,1909f56bfc062723c751e8b465ee728b)
Start importing Assets using Guid(00000000000000001000000000000000) Importer(815301076,1909f56bfc062723c751e8b465ee728b)  -> (artifact id: '42d402b061de3733987d63b9cc3b64de') in 0.007279 seconds 
  Import took 0.009643 seconds .

========================================================================
Received Prepare
Shader 'MapMagic/TerrainPreviewHDRP': dependency 'BaseMapShader' shader 'Hidden/HDRP/TerrainLit_Basemap' not found
Shader 'MapMagic/TerrainPreviewHDRP': dependency 'BaseMapGenShader' shader 'Hidden/HDRP/TerrainLit_BasemapGen' not found
Shader 'MapMagic/TerrainPreviewHDRP': dependency 'BaseMapShader' shader 'Hidden/HDRP/TerrainLit_Basemap' not found
Shader 'MapMagic/TerrainPreviewHDRP': dependency 'BaseMapGenShader' shader 'Hidden/HDRP/TerrainLit_BasemapGen' not found
Shader 'MapMagic/TerrainPreviewURP': fallback shader 'Hidden/Universal Render Pipeline/FallbackError' not found
Shader 'MapMagic/TerrainPreviewURP': dependency 'AddPassShader' shader 'Hidden/Universal Render Pipeline/Terrain/Lit (Add Pass)' not found
Shader 'MapMagic/TerrainPreviewURP': dependency 'BaseMapShader' shader 'Hidden/Universal Render Pipeline/Terrain/Lit (Base Pass)' not found
Shader 'MapMagic/TerrainPreviewURP': dependency 'BaseMapGenShader' shader 'Hidden/Universal Render Pipeline/Terrain/Lit (Basemap Gen)' not found
Refreshing native plugins compatible for Editor in 1.68 ms, found 3 plugins.
Preloading 0 native plugins for Editor in 0.00 ms.
Unloading 16 Unused Serialized files (Serialized files now loaded: 0)
System memory in use before: 314.3 MB.
System memory in use after: 314.2 MB.

Unloading 16 unused Assets to reduce memory usage. Loaded Objects now: 2220.
Total: 2.259625 ms (FindLiveObjects: 0.131542 ms CreateObjectMapping: 0.032250 ms MarkObjects: 1.919833 ms  DeleteObjects: 0.175458 ms)

AssetImportParameters requested are different than current active one (requested -> active):
  custom:video-decoder-ogg-theora: a1e56fd34408186e4bbccfd4996cb3dc -> 
  custom:container-muxer-webm: aa71ff27fc2769a1b78a27578f13a17b -> 
  custom:container-demuxer-webm: 4f35f7cbe854078d1ac9338744f61a02 -> 
  custom:container-demuxer-ogg: 62fdf1f143b41e24485cea50d1cbac27 -> 
  custom:video-encoder-webm-vp8: eb34c28f22e8b96e1ab97ce403110664 -> 
  custom:framework-osx-AVFoundation: e770b220cccbd017edd2c1fefb359320 -> 
  custom:video-decoder-webm-vp8: 9c59270c3fd7afecdb556c50c9e8de78 -> 
  custom:audio-decoder-ogg-vorbis: bf7c407c2cedff20999df2af8eb42d56 -> 
  custom:audio-encoder-webm-vorbis: bf7c407c2cedff20999df2af8eb42d56 -> 
========================================================================
Received Import Request.
  Time since last request: 2.309862 seconds.
  path: Assets/Tree_Textures
  artifactKey: Guid(7cb5595d9d4274988ac6ef5f4ca72ee3) Importer(815301076,1909f56bfc062723c751e8b465ee728b)
Start importing Assets/Tree_Textures using Guid(7cb5595d9d4274988ac6ef5f4ca72ee3) Importer(815301076,1909f56bfc062723c751e8b465ee728b)  -> (artifact id: '4c926550426fef410994f3418b9e7bc9') in 0.001092 seconds 
  Import took 0.004320 seconds .

========================================================================
Received Import Request.
  Time since last request: 32.228390 seconds.
  path: Assets/Skybox
  artifactKey: Guid(ab0abf55809864fe0a525dc4e48366ac) Importer(815301076,1909f56bfc062723c751e8b465ee728b)
Start importing Assets/Skybox using Guid(ab0abf55809864fe0a525dc4e48366ac) Importer(815301076,1909f56bfc062723c751e8b465ee728b)  -> (artifact id: 'e0f7956c700229e6501fca95150aa03f') in 0.001601 seconds 
  Import took 0.009500 seconds .

========================================================================
Received Import Request.
  Time since last request: 24.943818 seconds.
  path: Assets/Plugins/Wolf3D/RPM Avatar Pack/Scenes/Wolf3DSample/ReflectionProbe-0.exr
  artifactKey: Guid(2ac5c2cbeb35c48409b543066edbb261) Importer(815301076,1909f56bfc062723c751e8b465ee728b)
Start importing Assets/Plugins/Wolf3D/RPM Avatar Pack/Scenes/Wolf3DSample/ReflectionProbe-0.exr using Guid(2ac5c2cbeb35c48409b543066edbb261) Importer(815301076,1909f56bfc062723c751e8b465ee728b)  -> (artifact id: '7efe57b4c00b82d00c09e2faa6bd8675') in 0.672784 seconds 
  Import took 0.678445 seconds .

========================================================================
Received Import Request.
  Time since last request: 0.000294 seconds.
  path: Assets/Plugins/Wolf3D/RPM Avatar Pack/Examples/HDRI/shanghai_bund_2k.hdr
  artifactKey: Guid(65dfe30d2a62263438b129ef709a26a4) Importer(815301076,1909f56bfc062723c751e8b465ee728b)
Start importing Assets/Plugins/Wolf3D/RPM Avatar Pack/Examples/HDRI/shanghai_bund_2k.hdr using Guid(65dfe30d2a62263438b129ef709a26a4) Importer(815301076,1909f56bfc062723c751e8b465ee728b)  -> (artifact id: '1848deecd75a85deeebd5f06923ffd94') in 0.439064 seconds 
  Import took 0.443844 seconds .

========================================================================
Received Import Request.
  Time since last request: 0.000261 seconds.
  path: Assets/Plugins/Wolf3D/RPM Avatar Pack/Scenes/Wolf3DSample/ReflectionProbe-1.exr
  artifactKey: Guid(40435fc42405f914fbe96c5ed018bbe3) Importer(815301076,1909f56bfc062723c751e8b465ee728b)
Start importing Assets/Plugins/Wolf3D/RPM Avatar Pack/Scenes/Wolf3DSample/ReflectionProbe-1.exr using Guid(40435fc42405f914fbe96c5ed018bbe3) Importer(815301076,1909f56bfc062723c751e8b465ee728b)  -> (artifact id: '3f8abdb40ec4932ecc3ae4767dc2c4cf') in 0.011514 seconds 
  Import took 0.013892 seconds .

========================================================================
Received Import Request.
  Time since last request: 48.213124 seconds.
  path: Assets/SkyboxShader.mat
  artifactKey: Guid(d1ec5b74adad8438ba12fd73d553689c) Importer(815301076,1909f56bfc062723c751e8b465ee728b)
Start importing Assets/SkyboxShader.mat using Guid(d1ec5b74adad8438ba12fd73d553689c) Importer(815301076,1909f56bfc062723c751e8b465ee728b)  -> (artifact id: '1dbf741d75e8853ea980e8fc081b94f5') in 0.592604 seconds 
  Import took 0.603992 seconds .

========================================================================
Received Import Request.
  Time since last request: 30.425050 seconds.
  path: Assets/Plugins
  artifactKey: Guid(2c17fd53c17ab4fd187162be3495dab1) Importer(815301076,1909f56bfc062723c751e8b465ee728b)
Start importing Assets/Plugins using Guid(2c17fd53c17ab4fd187162be3495dab1) Importer(815301076,1909f56bfc062723c751e8b465ee728b)  -> (artifact id: '44447322c6e73d6d1f3890fb1ea3f30b') in 0.001142 seconds 
  Import took 0.005569 seconds .

========================================================================
Received Import Request.
  Time since last request: 1.220229 seconds.
  path: Assets/Plugins/Wolf3D
  artifactKey: Guid(3a0ef4c40b44c08449bd1881374239af) Importer(815301076,1909f56bfc062723c751e8b465ee728b)
Start importing Assets/Plugins/Wolf3D using Guid(3a0ef4c40b44c08449bd1881374239af) Importer(815301076,1909f56bfc062723c751e8b465ee728b)  -> (artifact id: 'f2adbf0d4d7b6a61c18bcce4dc1fd53d') in 0.001231 seconds 
  Import took 0.005160 seconds .

========================================================================
Received Import Request.
  Time since last request: 0.804915 seconds.
  path: Assets/Plugins/Wolf3D/RPM Avatar Pack
  artifactKey: Guid(8264281a0f6523f458bcbba58d1cfabe) Importer(815301076,1909f56bfc062723c751e8b465ee728b)
Start importing Assets/Plugins/Wolf3D/RPM Avatar Pack using Guid(8264281a0f6523f458bcbba58d1cfabe) Importer(815301076,1909f56bfc062723c751e8b465ee728b)  -> (artifact id: '912804de39b59f61eea14dcf553d26b6') in 0.001304 seconds 
  Import took 0.005330 seconds .

========================================================================
Received Import Request.
  Time since last request: 12.935904 seconds.
  path: Assets/Scripts
  artifactKey: Guid(8744e0486849a4a5a8dc6f816738fcd7) Importer(815301076,1909f56bfc062723c751e8b465ee728b)
Start importing Assets/Scripts using Guid(8744e0486849a4a5a8dc6f816738fcd7) Importer(815301076,1909f56bfc062723c751e8b465ee728b)  -> (artifact id: '0a623d2b478cfb60ebb8f3d32462b0a5') in 0.001214 seconds 
  Import took 0.003919 seconds .

========================================================================
Received Import Request.
  Time since last request: 4.317816 seconds.
  path: Assets/MouseHandler.cs
  artifactKey: Guid(86ec9199d449047bcbea829554c803bc) Importer(815301076,1909f56bfc062723c751e8b465ee728b)
Start importing Assets/MouseHandler.cs using Guid(86ec9199d449047bcbea829554c803bc) Importer(815301076,1909f56bfc062723c751e8b465ee728b)  -> (artifact id: '74e0b96ab66d05fc67e431598be538b9') in 0.871604 seconds 
  Import took 0.885366 seconds .

========================================================================
Received Prepare
Registering precompiled user dll's ...
Registered in 0.002480 seconds.
Begin MonoManager ReloadAssembly
Native extension for OSXStandalone target not found
Refreshing native plugins compatible for Editor in 0.47 ms, found 3 plugins.
Preloading 0 native plugins for Editor in 0.00 ms.
2021-12-04 12:44:44.515 Unity[2938:60676] NSEventModifierFlagFunction specified to -setKeyEquivalentModifierMask: for item <NSMenuItem: 0x600003e40690 Font Asset, ke='Command-F12'>, but is only supported for system-provided menu items; will not be used
Mono: successfully reloaded assembly
- Completed reload, in  2.170 seconds
Domain Reload Profiling:
	ReloadAssembly (2171ms)
		BeginReloadAssembly (224ms)
			ExecutionOrderSort (0ms)
			DisableScriptedObjects (34ms)
			BackupInstance (0ms)
			ReleaseScriptingObjects (0ms)
			CreateAndSetChildDomain (84ms)
		EndReloadAssembly (1854ms)
			LoadAssemblies (173ms)
			RebuildTransferFunctionScriptingTraits (0ms)
			SetupTypeCache (330ms)
			ReleaseScriptCaches (1ms)
			RebuildScriptCaches (48ms)
			SetupLoadedEditorAssemblies (1030ms)
				LogAssemblyErrors (0ms)
				InitializePlatformSupportModulesInManaged (16ms)
				SetLoadedEditorAssemblies (2ms)
				RefreshPlugins (1ms)
				BeforeProcessingInitializeOnLoad (159ms)
				ProcessInitializeOnLoadAttributes (761ms)
				ProcessInitializeOnLoadMethodAttributes (90ms)
				AfterProcessingInitializeOnLoad (1ms)
				EditorAssembliesLoaded (1ms)
			ExecutionOrderSort2 (0ms)
			AwakeInstancesAfterBackupRestoration (27ms)
Platform modules already initialized, skipping
Shader 'MapMagic/TerrainPreviewHDRP': dependency 'BaseMapShader' shader 'Hidden/HDRP/TerrainLit_Basemap' not found
Shader 'MapMagic/TerrainPreviewHDRP': dependency 'BaseMapGenShader' shader 'Hidden/HDRP/TerrainLit_BasemapGen' not found
Shader 'MapMagic/TerrainPreviewHDRP': dependency 'BaseMapShader' shader 'Hidden/HDRP/TerrainLit_Basemap' not found
Shader 'MapMagic/TerrainPreviewHDRP': dependency 'BaseMapGenShader' shader 'Hidden/HDRP/TerrainLit_BasemapGen' not found
Shader 'MapMagic/TerrainPreviewURP': fallback shader 'Hidden/Universal Render Pipeline/FallbackError' not found
Shader 'MapMagic/TerrainPreviewURP': dependency 'AddPassShader' shader 'Hidden/Universal Render Pipeline/Terrain/Lit (Add Pass)' not found
Shader 'MapMagic/TerrainPreviewURP': dependency 'BaseMapShader' shader 'Hidden/Universal Render Pipeline/Terrain/Lit (Base Pass)' not found
Shader 'MapMagic/TerrainPreviewURP': dependency 'BaseMapGenShader' shader 'Hidden/Universal Render Pipeline/Terrain/Lit (Basemap Gen)' not found
Refreshing native plugins compatible for Editor in 0.43 ms, found 3 plugins.
Preloading 0 native plugins for Editor in 0.00 ms.
Unloading 1682 Unused Serialized files (Serialized files now loaded: 0)
System memory in use before: 365.2 MB.
System memory in use after: 365.2 MB.

Unloading 19 unused Assets to reduce memory usage. Loaded Objects now: 2264.
Total: 3.500708 ms (FindLiveObjects: 0.137584 ms CreateObjectMapping: 0.038875 ms MarkObjects: 2.998084 ms  DeleteObjects: 0.325292 ms)

AssetImportParameters requested are different than current active one (requested -> active):
  custom:video-decoder-ogg-theora: a1e56fd34408186e4bbccfd4996cb3dc -> 
  custom:container-muxer-webm: aa71ff27fc2769a1b78a27578f13a17b -> 
  custom:container-demuxer-webm: 4f35f7cbe854078d1ac9338744f61a02 -> 
  custom:container-demuxer-ogg: 62fdf1f143b41e24485cea50d1cbac27 -> 
  custom:video-encoder-webm-vp8: eb34c28f22e8b96e1ab97ce403110664 -> 
  custom:framework-osx-AVFoundation: e770b220cccbd017edd2c1fefb359320 -> 
  custom:video-decoder-webm-vp8: 9c59270c3fd7afecdb556c50c9e8de78 -> 
  custom:audio-decoder-ogg-vorbis: bf7c407c2cedff20999df2af8eb42d56 -> 
  custom:audio-encoder-webm-vorbis: bf7c407c2cedff20999df2af8eb42d56 -> 
========================================================================
Received Import Request.
  Time since last request: 8.275063 seconds.
  path: Assets/SC_FPSController.cs
  artifactKey: Guid(ca62bf363cac246fabc4254e104dac96) Importer(815301076,1909f56bfc062723c751e8b465ee728b)
Start importing Assets/SC_FPSController.cs using Guid(ca62bf363cac246fabc4254e104dac96) Importer(815301076,1909f56bfc062723c751e8b465ee728b)  -> (artifact id: '3546ede6f87de0d1e37b2c2758101362') in 0.006938 seconds 
  Import took 0.009513 seconds .

========================================================================
Received Prepare
Registering precompiled user dll's ...
Registered in 0.003402 seconds.
Begin MonoManager ReloadAssembly
Native extension for OSXStandalone target not found
Refreshing native plugins compatible for Editor in 0.46 ms, found 3 plugins.
Preloading 0 native plugins for Editor in 0.00 ms.
2021-12-04 12:44:55.384 Unity[2938:60676] NSEventModifierFlagFunction specified to -setKeyEquivalentModifierMask: for item <NSMenuItem: 0x600003e14230 Font Asset, ke='Command-F12'>, but is only supported for system-provided menu items; will not be used
Mono: successfully reloaded assembly
- Completed reload, in  2.145 seconds
Domain Reload Profiling:
	ReloadAssembly (2146ms)
		BeginReloadAssembly (213ms)
			ExecutionOrderSort (0ms)
			DisableScriptedObjects (31ms)
			BackupInstance (0ms)
			ReleaseScriptingObjects (0ms)
			CreateAndSetChildDomain (78ms)
		EndReloadAssembly (1841ms)
			LoadAssemblies (174ms)
			RebuildTransferFunctionScriptingTraits (0ms)
			SetupTypeCache (322ms)
			ReleaseScriptCaches (1ms)
			RebuildScriptCaches (49ms)
			SetupLoadedEditorAssemblies (1041ms)
				LogAssemblyErrors (0ms)
				InitializePlatformSupportModulesInManaged (14ms)
				SetLoadedEditorAssemblies (1ms)
				RefreshPlugins (0ms)
				BeforeProcessingInitializeOnLoad (162ms)
				ProcessInitializeOnLoadAttributes (780ms)
				ProcessInitializeOnLoadMethodAttributes (83ms)
				AfterProcessingInitializeOnLoad (1ms)
				EditorAssembliesLoaded (0ms)
			ExecutionOrderSort2 (0ms)
			AwakeInstancesAfterBackupRestoration (30ms)
Platform modules already initialized, skipping
Shader 'MapMagic/TerrainPreviewHDRP': dependency 'BaseMapShader' shader 'Hidden/HDRP/TerrainLit_Basemap' not found
Shader 'MapMagic/TerrainPreviewHDRP': dependency 'BaseMapGenShader' shader 'Hidden/HDRP/TerrainLit_BasemapGen' not found
Shader 'MapMagic/TerrainPreviewHDRP': dependency 'BaseMapShader' shader 'Hidden/HDRP/TerrainLit_Basemap' not found
Shader 'MapMagic/TerrainPreviewHDRP': dependency 'BaseMapGenShader' shader 'Hidden/HDRP/TerrainLit_BasemapGen' not found
Shader 'MapMagic/TerrainPreviewURP': fallback shader 'Hidden/Universal Render Pipeline/FallbackError' not found
Shader 'MapMagic/TerrainPreviewURP': dependency 'AddPassShader' shader 'Hidden/Universal Render Pipeline/Terrain/Lit (Add Pass)' not found
Shader 'MapMagic/TerrainPreviewURP': dependency 'BaseMapShader' shader 'Hidden/Universal Render Pipeline/Terrain/Lit (Base Pass)' not found
Shader 'MapMagic/TerrainPreviewURP': dependency 'BaseMapGenShader' shader 'Hidden/Universal Render Pipeline/Terrain/Lit (Basemap Gen)' not found
Refreshing native plugins compatible for Editor in 0.45 ms, found 3 plugins.
Preloading 0 native plugins for Editor in 0.00 ms.
Unloading 1682 Unused Serialized files (Serialized files now loaded: 0)
System memory in use before: 365.5 MB.
System memory in use after: 365.4 MB.

Unloading 18 unused Assets to reduce memory usage. Loaded Objects now: 2266.
Total: 2.277833 ms (FindLiveObjects: 0.138750 ms CreateObjectMapping: 0.047541 ms MarkObjects: 1.910584 ms  DeleteObjects: 0.180042 ms)

AssetImportParameters requested are different than current active one (requested -> active):
  custom:video-decoder-ogg-theora: a1e56fd34408186e4bbccfd4996cb3dc -> 
  custom:container-muxer-webm: aa71ff27fc2769a1b78a27578f13a17b -> 
  custom:container-demuxer-webm: 4f35f7cbe854078d1ac9338744f61a02 -> 
  custom:container-demuxer-ogg: 62fdf1f143b41e24485cea50d1cbac27 -> 
  custom:video-encoder-webm-vp8: eb34c28f22e8b96e1ab97ce403110664 -> 
  custom:framework-osx-AVFoundation: e770b220cccbd017edd2c1fefb359320 -> 
  custom:video-decoder-webm-vp8: 9c59270c3fd7afecdb556c50c9e8de78 -> 
  custom:audio-decoder-ogg-vorbis: bf7c407c2cedff20999df2af8eb42d56 -> 
  custom:audio-encoder-webm-vorbis: bf7c407c2cedff20999df2af8eb42d56 -> 
========================================================================
Received Prepare
Registering precompiled user dll's ...
Registered in 0.004336 seconds.
Begin MonoManager ReloadAssembly
Native extension for OSXStandalone target not found
Refreshing native plugins compatible for Editor in 0.45 ms, found 3 plugins.
Preloading 0 native plugins for Editor in 0.00 ms.
2021-12-04 12:45:15.244 Unity[2938:60676] NSEventModifierFlagFunction specified to -setKeyEquivalentModifierMask: for item <NSMenuItem: 0x600003e050a0 Font Asset, ke='Command-F12'>, but is only supported for system-provided menu items; will not be used
Mono: successfully reloaded assembly
- Completed reload, in  2.233 seconds
Domain Reload Profiling:
	ReloadAssembly (2234ms)
		BeginReloadAssembly (230ms)
			ExecutionOrderSort (0ms)
			DisableScriptedObjects (34ms)
			BackupInstance (0ms)
			ReleaseScriptingObjects (0ms)
			CreateAndSetChildDomain (90ms)
		EndReloadAssembly (1912ms)
			LoadAssemblies (191ms)
			RebuildTransferFunctionScriptingTraits (0ms)
			SetupTypeCache (349ms)
			ReleaseScriptCaches (1ms)
			RebuildScriptCaches (47ms)
			SetupLoadedEditorAssemblies (1057ms)
				LogAssemblyErrors (0ms)
				InitializePlatformSupportModulesInManaged (14ms)
				SetLoadedEditorAssemblies (1ms)
				RefreshPlugins (0ms)
				BeforeProcessingInitializeOnLoad (180ms)
				ProcessInitializeOnLoadAttributes (775ms)
				ProcessInitializeOnLoadMethodAttributes (86ms)
				AfterProcessingInitializeOnLoad (1ms)
				EditorAssembliesLoaded (0ms)
			ExecutionOrderSort2 (0ms)
			AwakeInstancesAfterBackupRestoration (31ms)
Platform modules already initialized, skipping
Shader 'MapMagic/TerrainPreviewHDRP': dependency 'BaseMapShader' shader 'Hidden/HDRP/TerrainLit_Basemap' not found
Shader 'MapMagic/TerrainPreviewHDRP': dependency 'BaseMapGenShader' shader 'Hidden/HDRP/TerrainLit_BasemapGen' not found
Shader 'MapMagic/TerrainPreviewURP': fallback shader 'Hidden/Universal Render Pipeline/FallbackError' not found
Shader 'MapMagic/TerrainPreviewURP': dependency 'AddPassShader' shader 'Hidden/Universal Render Pipeline/Terrain/Lit (Add Pass)' not found
Shader 'MapMagic/TerrainPreviewURP': dependency 'BaseMapShader' shader 'Hidden/Universal Render Pipeline/Terrain/Lit (Base Pass)' not found
Shader 'MapMagic/TerrainPreviewURP': dependency 'BaseMapGenShader' shader 'Hidden/Universal Render Pipeline/Terrain/Lit (Basemap Gen)' not found
Shader 'MapMagic/TerrainPreviewHDRP': dependency 'BaseMapShader' shader 'Hidden/HDRP/TerrainLit_Basemap' not found
Shader 'MapMagic/TerrainPreviewHDRP': dependency 'BaseMapGenShader' shader 'Hidden/HDRP/TerrainLit_BasemapGen' not found
Refreshing native plugins compatible for Editor in 0.44 ms, found 3 plugins.
Preloading 0 native plugins for Editor in 0.00 ms.
Unloading 1681 Unused Serialized files (Serialized files now loaded: 0)
System memory in use before: 365.6 MB.
System memory in use after: 365.5 MB.

Unloading 19 unused Assets to reduce memory usage. Loaded Objects now: 2267.
Total: 2.274917 ms (FindLiveObjects: 0.134542 ms CreateObjectMapping: 0.034958 ms MarkObjects: 1.901958 ms  DeleteObjects: 0.202334 ms)

AssetImportParameters requested are different than current active one (requested -> active):
  custom:video-decoder-ogg-theora: a1e56fd34408186e4bbccfd4996cb3dc -> 
  custom:container-muxer-webm: aa71ff27fc2769a1b78a27578f13a17b -> 
  custom:container-demuxer-webm: 4f35f7cbe854078d1ac9338744f61a02 -> 
  custom:container-demuxer-ogg: 62fdf1f143b41e24485cea50d1cbac27 -> 
  custom:video-encoder-webm-vp8: eb34c28f22e8b96e1ab97ce403110664 -> 
  custom:framework-osx-AVFoundation: e770b220cccbd017edd2c1fefb359320 -> 
  custom:video-decoder-webm-vp8: 9c59270c3fd7afecdb556c50c9e8de78 -> 
  custom:audio-decoder-ogg-vorbis: bf7c407c2cedff20999df2af8eb42d56 -> 
  custom:audio-encoder-webm-vorbis: bf7c407c2cedff20999df2af8eb42d56 -> 
========================================================================
Received Import Request.
  Time since last request: 95.080940 seconds.
  path: Assets/Scenes
  artifactKey: Guid(6bac1a6c7a1504d6f8d469389a10c2af) Importer(815301076,1909f56bfc062723c751e8b465ee728b)
Start importing Assets/Scenes using Guid(6bac1a6c7a1504d6f8d469389a10c2af) Importer(815301076,1909f56bfc062723c751e8b465ee728b)  -> (artifact id: '5363082f120641d02758237701923de2') in 0.028520 seconds 
  Import took 0.045567 seconds .

========================================================================
Received Import Request.
  Time since last request: 0.555308 seconds.
  path: Assets/Conifers [BOTD]
  artifactKey: Guid(d8dde63f946a74d558210c468e64f329) Importer(815301076,1909f56bfc062723c751e8b465ee728b)
Start importing Assets/Conifers [BOTD] using Guid(d8dde63f946a74d558210c468e64f329) Importer(815301076,1909f56bfc062723c751e8b465ee728b)  -> (artifact id: 'b8e213621473b694ea5f44a34557ef95') in 0.001372 seconds 
  Import took 0.005331 seconds .

========================================================================
Received Import Request.
  Time since last request: 24.846093 seconds.
  path: Assets/Skybox_Stars.mat
  artifactKey: Guid(887f035bac9e44071933808a3b5b10f3) Importer(815301076,1909f56bfc062723c751e8b465ee728b)
Start importing Assets/Skybox_Stars.mat using Guid(887f035bac9e44071933808a3b5b10f3) Importer(815301076,1909f56bfc062723c751e8b465ee728b)  -> (artifact id: '390dfa5d71d9f2a8cc2abee31552a0af') in 0.179917 seconds 
  Import took 0.182507 seconds .

========================================================================
Received Import Request.
  Time since last request: 16.733651 seconds.
  path: Assets/Skybox_Stormy.mat
  artifactKey: Guid(d1ec5b74adad8438ba12fd73d553689c) Importer(815301076,1909f56bfc062723c751e8b465ee728b)
Start importing Assets/Skybox_Stormy.mat using Guid(d1ec5b74adad8438ba12fd73d553689c) Importer(815301076,1909f56bfc062723c751e8b465ee728b)  -> (artifact id: '6df5929de90195462794b40e4ccc37c0') in 0.057089 seconds 
  Import took 0.060679 seconds .

========================================================================
Received Prepare
Registering precompiled user dll's ...
Registered in 0.002870 seconds.
Begin MonoManager ReloadAssembly
Native extension for OSXStandalone target not found
Refreshing native plugins compatible for Editor in 0.46 ms, found 3 plugins.
Preloading 0 native plugins for Editor in 0.00 ms.
2021-12-04 12:47:41.353 Unity[2938:60676] NSEventModifierFlagFunction specified to -setKeyEquivalentModifierMask: for item <NSMenuItem: 0x600003e74460 Font Asset, ke='Command-F12'>, but is only supported for system-provided menu items; will not be used
Mono: successfully reloaded assembly
- Completed reload, in  2.225 seconds
Domain Reload Profiling:
	ReloadAssembly (2226ms)
		BeginReloadAssembly (215ms)
			ExecutionOrderSort (0ms)
			DisableScriptedObjects (28ms)
			BackupInstance (0ms)
			ReleaseScriptingObjects (0ms)
			CreateAndSetChildDomain (88ms)
		EndReloadAssembly (1916ms)
			LoadAssemblies (180ms)
			RebuildTransferFunctionScriptingTraits (0ms)
			SetupTypeCache (332ms)
			ReleaseScriptCaches (1ms)
			RebuildScriptCaches (47ms)
			SetupLoadedEditorAssemblies (1094ms)
				LogAssemblyErrors (0ms)
				InitializePlatformSupportModulesInManaged (13ms)
				SetLoadedEditorAssemblies (3ms)
				RefreshPlugins (0ms)
				BeforeProcessingInitializeOnLoad (176ms)
				ProcessInitializeOnLoadAttributes (817ms)
				ProcessInitializeOnLoadMethodAttributes (82ms)
				AfterProcessingInitializeOnLoad (1ms)
				EditorAssembliesLoaded (0ms)
			ExecutionOrderSort2 (0ms)
			AwakeInstancesAfterBackupRestoration (30ms)
Platform modules already initialized, skipping
Shader 'MapMagic/TerrainPreviewHDRP': dependency 'BaseMapShader' shader 'Hidden/HDRP/TerrainLit_Basemap' not found
Shader 'MapMagic/TerrainPreviewHDRP': dependency 'BaseMapGenShader' shader 'Hidden/HDRP/TerrainLit_BasemapGen' not found
Shader 'MapMagic/TerrainPreviewURP': fallback shader 'Hidden/Universal Render Pipeline/FallbackError' not found
Shader 'MapMagic/TerrainPreviewURP': dependency 'AddPassShader' shader 'Hidden/Universal Render Pipeline/Terrain/Lit (Add Pass)' not found
Shader 'MapMagic/TerrainPreviewURP': dependency 'BaseMapShader' shader 'Hidden/Universal Render Pipeline/Terrain/Lit (Base Pass)' not found
Shader 'MapMagic/TerrainPreviewURP': dependency 'BaseMapGenShader' shader 'Hidden/Universal Render Pipeline/Terrain/Lit (Basemap Gen)' not found
Shader 'MapMagic/TerrainPreviewHDRP': dependency 'BaseMapShader' shader 'Hidden/HDRP/TerrainLit_Basemap' not found
Shader 'MapMagic/TerrainPreviewHDRP': dependency 'BaseMapGenShader' shader 'Hidden/HDRP/TerrainLit_BasemapGen' not found
Refreshing native plugins compatible for Editor in 0.44 ms, found 3 plugins.
Preloading 0 native plugins for Editor in 0.00 ms.
Unloading 1681 Unused Serialized files (Serialized files now loaded: 0)
System memory in use before: 365.8 MB.
System memory in use after: 365.7 MB.

Unloading 18 unused Assets to reduce memory usage. Loaded Objects now: 2270.
Total: 2.220750 ms (FindLiveObjects: 0.123583 ms CreateObjectMapping: 0.034250 ms MarkObjects: 1.864750 ms  DeleteObjects: 0.197417 ms)

AssetImportParameters requested are different than current active one (requested -> active):
  custom:video-decoder-ogg-theora: a1e56fd34408186e4bbccfd4996cb3dc -> 
  custom:container-muxer-webm: aa71ff27fc2769a1b78a27578f13a17b -> 
  custom:container-demuxer-webm: 4f35f7cbe854078d1ac9338744f61a02 -> 
  custom:container-demuxer-ogg: 62fdf1f143b41e24485cea50d1cbac27 -> 
  custom:video-encoder-webm-vp8: eb34c28f22e8b96e1ab97ce403110664 -> 
  custom:framework-osx-AVFoundation: e770b220cccbd017edd2c1fefb359320 -> 
  custom:video-decoder-webm-vp8: 9c59270c3fd7afecdb556c50c9e8de78 -> 
  custom:audio-decoder-ogg-vorbis: bf7c407c2cedff20999df2af8eb42d56 -> 
  custom:audio-encoder-webm-vorbis: bf7c407c2cedff20999df2af8eb42d56 -> 
========================================================================
Received Import Request.
  Time since last request: 58.977598 seconds.
  path: Assets/Particle_Rain.mat
  artifactKey: Guid(76a3fc763b99b4aa4b4815c60c7f68dc) Importer(815301076,1909f56bfc062723c751e8b465ee728b)
Start importing Assets/Particle_Rain.mat using Guid(76a3fc763b99b4aa4b4815c60c7f68dc) Importer(815301076,1909f56bfc062723c751e8b465ee728b)  -> (artifact id: '41b03ed662905e8d1c918f9f837ce73c') in 0.159237 seconds 
  Import took 0.162047 seconds .

========================================================================
Received Import Request.
  Time since last request: 46.647973 seconds.
  path: Assets/Rain_Particle.mat
  artifactKey: Guid(76a3fc763b99b4aa4b4815c60c7f68dc) Importer(815301076,1909f56bfc062723c751e8b465ee728b)
Start importing Assets/Rain_Particle.mat using Guid(76a3fc763b99b4aa4b4815c60c7f68dc) Importer(815301076,1909f56bfc062723c751e8b465ee728b)  -> (artifact id: '6460b77d22a21e741ce1116677cee4b8') in 0.034749 seconds 
  Import took 0.039220 seconds .

========================================================================
Received Import Request.
  Time since last request: 17.936679 seconds.
  path: Assets/Materials
  artifactKey: Guid(d6973a791844b430d8f1c6e30481a102) Importer(815301076,1909f56bfc062723c751e8b465ee728b)
Start importing Assets/Materials using Guid(d6973a791844b430d8f1c6e30481a102) Importer(815301076,1909f56bfc062723c751e8b465ee728b)  -> (artifact id: 'c5e1d7292718905c5f4eb639b18bd7eb') in 0.001391 seconds 
  Import took 0.003886 seconds .

========================================================================
Received Import Request.
  Time since last request: 14.042863 seconds.
  path: Assets/Sound
  artifactKey: Guid(462e75a99e0b547188f8a33ace0250ce) Importer(815301076,1909f56bfc062723c751e8b465ee728b)
Start importing Assets/Sound using Guid(462e75a99e0b547188f8a33ace0250ce) Importer(815301076,1909f56bfc062723c751e8b465ee728b)  -> (artifact id: 'cc35e838b600bbb469b93f67a78ed217') in 0.001411 seconds 
  Import took 0.004025 seconds .

========================================================================
Received Import Request.
  Time since last request: 30.706481 seconds.
  path: Assets/MyStuff
  artifactKey: Guid(fd590f232d86c4d678d97be22a379643) Importer(815301076,1909f56bfc062723c751e8b465ee728b)
Start importing Assets/MyStuff using Guid(fd590f232d86c4d678d97be22a379643) Importer(815301076,1909f56bfc062723c751e8b465ee728b)  -> (artifact id: 'ae1814724f2dc70338cb001f7fe58843') in 0.001456 seconds 
  Import took 0.005155 seconds .

========================================================================
Received Import Request.
  Time since last request: 82.396393 seconds.
  path: Assets/Scenes/Cloudy
  artifactKey: Guid(ac95ddcc730da451a85452796d684597) Importer(815301076,1909f56bfc062723c751e8b465ee728b)
Start importing Assets/Scenes/Cloudy using Guid(ac95ddcc730da451a85452796d684597) Importer(815301076,1909f56bfc062723c751e8b465ee728b)  -> (artifact id: 'acf1f92dcfed4760a7b3c3c1ff787b23') in 0.001549 seconds 
  Import took 0.005569 seconds .

========================================================================
Received Import Request.
  Time since last request: 0.621375 seconds.
  path: Assets/Scenes/Cloudy.unity
  artifactKey: Guid(b06082cdbd3e044f3bbfe10a96f13747) Importer(815301076,1909f56bfc062723c751e8b465ee728b)
Start importing Assets/Scenes/Cloudy.unity using Guid(b06082cdbd3e044f3bbfe10a96f13747) Importer(815301076,1909f56bfc062723c751e8b465ee728b)  -> (artifact id: '2fc4139fbf195462205a07d382cf7771') in 0.005367 seconds 
  Import took 0.010517 seconds .

========================================================================
Received Import Request.
  Time since last request: 4.660919 seconds.
  path: Assets/Scenes/SampleScene.unity
  artifactKey: Guid(9fc0d4010bbf28b4594072e72b8655ab) Importer(815301076,1909f56bfc062723c751e8b465ee728b)
Start importing Assets/Scenes/SampleScene.unity using Guid(9fc0d4010bbf28b4594072e72b8655ab) Importer(815301076,1909f56bfc062723c751e8b465ee728b)  -> (artifact id: '85059f4f9e1a832ed95adaa0d25c5c4c') in 0.002227 seconds 
  Import took 0.006575 seconds .

========================================================================
Received Import Request.
  Time since last request: 0.476010 seconds.
  path: Assets/Scenes/Stormy.unity
  artifactKey: Guid(3d6248f36b56b4535be4857e93bb82ea) Importer(815301076,1909f56bfc062723c751e8b465ee728b)
Start importing Assets/Scenes/Stormy.unity using Guid(3d6248f36b56b4535be4857e93bb82ea) Importer(815301076,1909f56bfc062723c751e8b465ee728b)  -> (artifact id: '471e917d348ed48bbb87cb050b6975bf') in 0.002177 seconds 
  Import took 0.007224 seconds .

========================================================================
Received Import Request.
  Time since last request: 0.329702 seconds.
  path: Assets/Scenes/Terrain.2.unity
  artifactKey: Guid(6919f29fd6fc2486ba11f095e921be48) Importer(815301076,1909f56bfc062723c751e8b465ee728b)
Start importing Assets/Scenes/Terrain.2.unity using Guid(6919f29fd6fc2486ba11f095e921be48) Importer(815301076,1909f56bfc062723c751e8b465ee728b)  -> (artifact id: 'b417aaf9b3292ceab08e4393d116548c') in 0.002473 seconds 
  Import took 0.006596 seconds .

========================================================================
Received Import Request.
  Time since last request: 0.365779 seconds.
  path: Assets/Scenes/Terrain.unity
  artifactKey: Guid(2d592433a675d4308b3624f22ca48efe) Importer(815301076,1909f56bfc062723c751e8b465ee728b)
Start importing Assets/Scenes/Terrain.unity using Guid(2d592433a675d4308b3624f22ca48efe) Importer(815301076,1909f56bfc062723c751e8b465ee728b)  -> (artifact id: '18bdc7b0020d238fcc1a59a289130272') in 0.002413 seconds 
  Import took 0.006233 seconds .

